INFO 1 CustomerDBRepository - Creating CustomerDBRepository
INFO 1 FlightDBRepository - Creating FlightDBRepository
INFO 1 EmployeeDBRepository - Creating EmployeeDBRepository
INFO 1 TicketDBRepository - Creating TicketDBRepository
INFO 1 EmployeeDBRepository - Entering FindByUsername with value andrei.mihaescu
INFO 1 EmployeeDBRepository - Exiting FindOne with value Employee{ Name: Andrei MihaescuUsername: andrei.mihaescuPassword: 123456 }
INFO 1 FlightDBRepository - Entering FindAll
INFO 1 FlightDBRepository - Exiting FindAll
INFO 1 FlightDBRepository - Entering FindByDestinationAndDepartureDate
INFO 1 FlightDBRepository - Exiting FindByDestinationAndDepartureDate
INFO 1 FlightDBRepository - Entering FindOne with value 28
INFO 1 FlightDBRepository - Exiting FindOne with value Flight{ Destination: Atena, GreciaDepartureDate: 25/06/2021 19:30:00Airport: Aeroportul International Avram Iancu ClujSeats: 285 }
INFO 1 CustomerDBRepository - Entering FindByCnp with value 1234567898585
INFO 1 CustomerDBRepository - Exiting FindByCnp with value {0}
INFO 1 CustomerDBRepository - Entering Add with value Customer{ Name: Constantin AvramescuCNP: 1234567898585Address: Str. Zorilor, nr. 29, Sibiu, Romania }
INFO 1 CustomerDBRepository - Exiting Add - Customer added successfully
INFO 1 CustomerDBRepository - Entering FindByCnp with value 1234567898585
INFO 1 CustomerDBRepository - Exiting FindByCnp with value Customer{ Name: Constantin AvramescuCNP: 1234567898585Address: Str. Zorilor, nr. 29, Sibiu, Romania }
INFO 1 TicketDBRepository - Entering Add with value Ticket{ Customer: Customer{ Name: Constantin AvramescuCNP: 1234567898585Address: Str. Zorilor, nr. 29, Sibiu, Romania }Tourists: System.Collections.Generic.List`1[System.String]Seats: 2Flight: Flight{ Destination: Atena, GreciaDepartureDate: 25/06/2021 19:30:00Airport: Aeroportul International Avram Iancu ClujSeats: 285 } }
INFO 1 TicketDBRepository - Exiting Add - Customer added successfully
INFO 1 FlightDBRepository - Entering Update with values Flight{ Destination: Atena, GreciaDepartureDate: 25/06/2021 19:30:00Airport: Aeroportul International Avram Iancu ClujSeats: 283 }, 28
INFO 1 FlightDBRepository - Exiting Update - Flight updated successfully
INFO 1 FlightDBRepository - Entering FindByDestinationAndDepartureDate
INFO 1 FlightDBRepository - Exiting FindByDestinationAndDepartureDate
